{"/home/dbarokha/WebstormProjects/gameOfLife/src/js/common.js": {"path":"/home/dbarokha/WebstormProjects/gameOfLife/src/js/common.js","statementMap":{"0":{"start":{"line":1,"column":17},"end":{"line":11,"column":1}},"1":{"start":{"line":5,"column":6},"end":{"line":8,"column":20}},"2":{"start":{"line":6,"column":8},"end":{"line":6,"column":21}},"3":{"start":{"line":8,"column":8},"end":{"line":8,"column":20}},"4":{"start":{"line":12,"column":0},"end":{"line":12,"column":27}}},"fnMap":{"0":{"name":"(anonymous_0)","decl":{"start":{"line":4,"column":16},"end":{"line":4,"column":17}},"loc":{"start":{"line":4,"column":24},"end":{"line":9,"column":5}},"line":4}},"branchMap":{"0":{"loc":{"start":{"line":5,"column":6},"end":{"line":8,"column":20}},"type":"if","locations":[{"start":{"line":5,"column":6},"end":{"line":8,"column":20}},{"start":{"line":5,"column":6},"end":{"line":8,"column":20}}],"line":5}},"s":{"0":1,"1":2,"2":1,"3":1,"4":1},"f":{"0":2},"b":{"0":[1,1]},"_coverageSchema":"43e27e138ebf9cfc5966b082cf9a028302ed4184","hash":"8d572aef86c831672ea856039acbb2bddb8560ab"}
}
